<?xml version="1.0" encoding="UTF-8"?>
<!-- Generated by org.testng.reporters.JUnitReportReporter -->
<testsuite hostname="LAPTOP-E658HEVP" failures="0" tests="1" name="orangehrm.Orangelink" time="6.966" errors="0" timestamp="2024-10-28T10:23:57 IST" skipped="0">
  <testcase classname="orangehrm.Orangelink" name="employeeDetails" time="6.966"/>
  <system-out/>
</testsuite> <!-- orangehrm.Orangelink -->
