<?xml version="1.0" encoding="UTF-8"?>
<!-- Generated by org.testng.reporters.JUnitReportReporter -->
<testsuite hostname="LAPTOP-E658HEVP" failures="0" tests="1" name="orangehrm.Orange" time="7.114" errors="0" timestamp="2024-10-27T23:02:51 IST" skipped="0">
  <testcase classname="orangehrm.Orange" name="employeeDetails" time="7.114"/>
  <system-out/>
</testsuite> <!-- orangehrm.Orange -->
